<?xml version="1.0" encoding="UTF-8"?>
<testsuite name="kr.hhplus.be.server.order.OrderServiceTest" tests="10" skipped="0" failures="0" errors="0" timestamp="2025-11-23T16:12:42" hostname="DESKTOP-7P82HOR" time="0.997">
  <properties/>
  <testcase name="사용자ID로_주문조회_성공()" classname="kr.hhplus.be.server.order.OrderServiceTest" time="0.462"/>
  <testcase name="단일주문조회_실패_예외발생()" classname="kr.hhplus.be.server.order.OrderServiceTest" time="0.128"/>
  <testcase name="ID리스트로_주문조회_성공()" classname="kr.hhplus.be.server.order.OrderServiceTest" time="0.032"/>
  <testcase name="상품_없음_시_롤백_실패()" classname="kr.hhplus.be.server.order.OrderServiceTest" time="0.047"/>
  <testcase name="단일주문조회_성공()" classname="kr.hhplus.be.server.order.OrderServiceTest" time="0.056"/>
  <testcase name="상품차감_호출_검증()" classname="kr.hhplus.be.server.order.OrderServiceTest" time="0.062"/>
  <testcase name="총금액계산_정확성_검증()" classname="kr.hhplus.be.server.order.OrderServiceTest" time="0.057"/>
  <testcase name="주문생성_성공()" classname="kr.hhplus.be.server.order.OrderServiceTest" time="0.052"/>
  <testcase name="포인트부족시_롤백_실패()" classname="kr.hhplus.be.server.order.OrderServiceTest" time="0.053"/>
  <testcase name="재고부족시_롤백_실패()" classname="kr.hhplus.be.server.order.OrderServiceTest" time="0.045"/>
  <system-out><![CDATA[16:12:26.480 [Test worker] INFO org.springframework.test.context.support.AnnotationConfigContextLoaderUtils -- Could not detect default configuration classes for test class [kr.hhplus.be.server.order.OrderServiceTest]: OrderServiceTest does not declare any static, non-private, non-final, nested classes annotated with @Configuration.
16:12:26.619 [Test worker] INFO org.springframework.boot.test.context.SpringBootTestContextBootstrapper -- Found @SpringBootConfiguration kr.hhplus.be.server.ServerApplication for test class kr.hhplus.be.server.order.OrderServiceTest

  .   ____          _            __ _ _
 /\\ / ___'_ __ _ _(_)_ __  __ _ \ \ \ \
( ( )\___ | '_ | '_| | '_ \/ _` | \ \ \ \
 \\/  ___)| |_)| | | | | || (_| |  ) ) ) )
  '  |____| .__|_| |_|_| |_\__, | / / / /
 =========|_|==============|___/=/_/_/_/

 :: Spring Boot ::                (v3.4.1)

2025-11-23T16:12:26.949Z  INFO 14732 --- [hhplus] [    Test worker] k.h.be.server.order.OrderServiceTest     : Starting OrderServiceTest using Java 17.0.14 with PID 14732 (started by user in C:\Users\user\Github\server-setup-java)
2025-11-23T16:12:26.951Z  INFO 14732 --- [hhplus] [    Test worker] k.h.be.server.order.OrderServiceTest     : The following 1 profile is active: "local"
2025-11-23T16:12:27.434Z  INFO 14732 --- [hhplus] [    Test worker] .s.d.r.c.RepositoryConfigurationDelegate : Bootstrapping Spring Data JPA repositories in DEFAULT mode.
2025-11-23T16:12:27.444Z  INFO 14732 --- [hhplus] [    Test worker] .s.d.r.c.RepositoryConfigurationDelegate : Finished Spring Data repository scanning in 3 ms. Found 0 JPA repository interfaces.
2025-11-23T16:12:27.447Z  INFO 14732 --- [hhplus] [    Test worker] .s.d.r.c.RepositoryConfigurationDelegate : Bootstrapping Spring Data JPA repositories in DEFAULT mode.
2025-11-23T16:12:27.481Z  INFO 14732 --- [hhplus] [    Test worker] .s.d.r.c.RepositoryConfigurationDelegate : Finished Spring Data repository scanning in 32 ms. Found 3 JPA repository interfaces.
2025-11-23T16:12:27.850Z  INFO 14732 --- [hhplus] [    Test worker] org.testcontainers.images.PullPolicy     : Image pull policy will be performed by: DefaultPullPolicy()
2025-11-23T16:12:27.853Z  INFO 14732 --- [hhplus] [    Test worker] o.t.utility.ImageNameSubstitutor         : Image name substitution will be performed by: DefaultImageNameSubstitutor (composite of 'ConfigurationFileImageNameSubstitutor' and 'PrefixingImageNameSubstitutor')
2025-11-23T16:12:27.860Z  INFO 14732 --- [hhplus] [    Test worker] org.testcontainers.DockerClientFactory   : Testcontainers version: 1.20.4
2025-11-23T16:12:27.973Z  INFO 14732 --- [hhplus] [    Test worker] o.t.d.DockerClientProviderStrategy       : Loaded org.testcontainers.dockerclient.NpipeSocketClientProviderStrategy from ~/.testcontainers.properties, will try it first
2025-11-23T16:12:28.185Z  INFO 14732 --- [hhplus] [    Test worker] o.t.d.DockerClientProviderStrategy       : Found Docker environment with local Npipe socket (npipe:////./pipe/docker_engine)
2025-11-23T16:12:28.186Z  INFO 14732 --- [hhplus] [    Test worker] org.testcontainers.DockerClientFactory   : Docker host IP address is localhost
2025-11-23T16:12:28.199Z  INFO 14732 --- [hhplus] [    Test worker] org.testcontainers.DockerClientFactory   : Connected to docker: 
  Server Version: 27.4.0
  API Version: 1.47
  Operating System: Docker Desktop
  Total Memory: 15542 MB
  Labels: 
    com.docker.desktop.address=npipe://\\.\pipe\docker_cli
2025-11-23T16:12:28.256Z  INFO 14732 --- [hhplus] [    Test worker] tc.testcontainers/ryuk:0.11.0            : Creating container for image: testcontainers/ryuk:0.11.0
2025-11-23T16:12:28.326Z  INFO 14732 --- [hhplus] [    Test worker] o.t.utility.RegistryAuthLocator          : Credential helper/store (docker-credential-desktop) does not have credentials for https://index.docker.io/v1/
2025-11-23T16:12:28.427Z  INFO 14732 --- [hhplus] [    Test worker] tc.testcontainers/ryuk:0.11.0            : Container testcontainers/ryuk:0.11.0 is starting: d139c060d24e5706f9831cff97261900238955963a54e26e489013091c894659
2025-11-23T16:12:28.786Z  INFO 14732 --- [hhplus] [    Test worker] tc.testcontainers/ryuk:0.11.0            : Container testcontainers/ryuk:0.11.0 started in PT0.5295372S
2025-11-23T16:12:28.789Z  INFO 14732 --- [hhplus] [    Test worker] o.t.utility.RyukResourceReaper           : Ryuk started - will monitor and terminate Testcontainers containers on JVM exit
2025-11-23T16:12:28.790Z  INFO 14732 --- [hhplus] [    Test worker] org.testcontainers.DockerClientFactory   : Checking the system...
2025-11-23T16:12:28.790Z  INFO 14732 --- [hhplus] [    Test worker] org.testcontainers.DockerClientFactory   : ✔︎ Docker server version should be at least 1.6.0
2025-11-23T16:12:28.792Z  INFO 14732 --- [hhplus] [    Test worker] tc.mysql:8.0                             : Creating container for image: mysql:8.0
2025-11-23T16:12:28.884Z  INFO 14732 --- [hhplus] [    Test worker] tc.mysql:8.0                             : Container mysql:8.0 is starting: 8f9ca5a045f43437c8dc1922bfc6db60bdfb73d0222eb6112d503a69437e3fb0
2025-11-23T16:12:29.263Z  INFO 14732 --- [hhplus] [    Test worker] tc.mysql:8.0                             : Waiting for database connection to become available at jdbc:mysql://localhost:59345/hhplus using query 'SELECT 1'
2025-11-23T16:12:38.104Z  INFO 14732 --- [hhplus] [    Test worker] tc.mysql:8.0                             : Container mysql:8.0 started in PT9.3117934S
2025-11-23T16:12:38.104Z  INFO 14732 --- [hhplus] [    Test worker] tc.mysql:8.0                             : Container is started (JDBC URL: jdbc:mysql://localhost:59345/hhplus)
2025-11-23T16:12:38.532Z  INFO 14732 --- [hhplus] [    Test worker] o.hibernate.jpa.internal.util.LogHelper  : HHH000204: Processing PersistenceUnitInfo [name: default]
2025-11-23T16:12:38.571Z  INFO 14732 --- [hhplus] [    Test worker] org.hibernate.Version                    : HHH000412: Hibernate ORM core version 6.6.4.Final
2025-11-23T16:12:38.591Z  INFO 14732 --- [hhplus] [    Test worker] o.h.c.internal.RegionFactoryInitiator    : HHH000026: Second-level cache disabled
2025-11-23T16:12:38.760Z  INFO 14732 --- [hhplus] [    Test worker] o.s.o.j.p.SpringPersistenceUnitInfo      : No LoadTimeWeaver setup: ignoring JPA class transformer
2025-11-23T16:12:38.778Z  INFO 14732 --- [hhplus] [    Test worker] com.zaxxer.hikari.HikariDataSource       : HangHaePlusDataSource - Starting...
2025-11-23T16:12:38.866Z  INFO 14732 --- [hhplus] [    Test worker] com.zaxxer.hikari.pool.HikariPool        : HangHaePlusDataSource - Added connection com.mysql.cj.jdbc.ConnectionImpl@60739eca
2025-11-23T16:12:38.867Z  INFO 14732 --- [hhplus] [    Test worker] com.zaxxer.hikari.HikariDataSource       : HangHaePlusDataSource - Start completed.
2025-11-23T16:12:38.915Z  INFO 14732 --- [hhplus] [    Test worker] org.hibernate.orm.connections.pooling    : HHH10001005: Database info:
	Database JDBC URL [Connecting through datasource 'HikariDataSource (HangHaePlusDataSource)']
	Database driver: undefined/unknown
	Database version: 8.0.44
	Autocommit mode: undefined/unknown
	Isolation level: undefined/unknown
	Minimum pool size: undefined/unknown
	Maximum pool size: undefined/unknown
2025-11-23T16:12:39.528Z  INFO 14732 --- [hhplus] [    Test worker] o.h.e.t.j.p.i.JtaPlatformInitiator       : HHH000489: No JTA platform available (set 'hibernate.transaction.jta.platform' to enable JTA platform integration)
Hibernate: alter table order_item drop foreign key FKt4dc2r9nbvbujrljv3e23iibt
2025-11-23T16:12:39.551Z  WARN 14732 --- [hhplus] [    Test worker] o.h.t.s.i.ExceptionHandlerLoggedImpl     : GenerationTarget encountered exception accepting command : Error executing DDL "alter table order_item drop foreign key FKt4dc2r9nbvbujrljv3e23iibt" via JDBC [Table 'hhplus.order_item' doesn't exist]

org.hibernate.tool.schema.spi.CommandAcceptanceException: Error executing DDL "alter table order_item drop foreign key FKt4dc2r9nbvbujrljv3e23iibt" via JDBC [Table 'hhplus.order_item' doesn't exist]
	at org.hibernate.tool.schema.internal.exec.GenerationTargetToDatabase.accept(GenerationTargetToDatabase.java:94) ~[hibernate-core-6.6.4.Final.jar:6.6.4.Final]
	at org.hibernate.tool.schema.internal.Helper.applySqlString(Helper.java:233) ~[hibernate-core-6.6.4.Final.jar:6.6.4.Final]
	at org.hibernate.tool.schema.internal.Helper.applySqlStrings(Helper.java:217) ~[hibernate-core-6.6.4.Final.jar:6.6.4.Final]
	at org.hibernate.tool.schema.internal.SchemaDropperImpl.applyConstraintDropping(SchemaDropperImpl.java:479) ~[hibernate-core-6.6.4.Final.jar:6.6.4.Final]
	at org.hibernate.tool.schema.internal.SchemaDropperImpl.dropConstraintsTablesSequences(SchemaDropperImpl.java:245) ~[hibernate-core-6.6.4.Final.jar:6.6.4.Final]
	at org.hibernate.tool.schema.internal.SchemaDropperImpl.dropFromMetadata(SchemaDropperImpl.java:218) ~[hibernate-core-6.6.4.Final.jar:6.6.4.Final]
	at org.hibernate.tool.schema.internal.SchemaDropperImpl.performDrop(SchemaDropperImpl.java:186) ~[hibernate-core-6.6.4.Final.jar:6.6.4.Final]
	at org.hibernate.tool.schema.internal.SchemaDropperImpl.doDrop(SchemaDropperImpl.java:156) ~[hibernate-core-6.6.4.Final.jar:6.6.4.Final]
	at org.hibernate.tool.schema.internal.SchemaDropperImpl.doDrop(SchemaDropperImpl.java:116) ~[hibernate-core-6.6.4.Final.jar:6.6.4.Final]
	at org.hibernate.tool.schema.spi.SchemaManagementToolCoordinator.performDatabaseAction(SchemaManagementToolCoordinator.java:238) ~[hibernate-core-6.6.4.Final.jar:6.6.4.Final]
	at org.hibernate.tool.schema.spi.SchemaManagementToolCoordinator.lambda$process$5(SchemaManagementToolCoordinator.java:144) ~[hibernate-core-6.6.4.Final.jar:6.6.4.Final]
	at java.base/java.util.HashMap.forEach(HashMap.java:1421) ~[na:na]
	at org.hibernate.tool.schema.spi.SchemaManagementToolCoordinator.process(SchemaManagementToolCoordinator.java:141) ~[hibernate-core-6.6.4.Final.jar:6.6.4.Final]
	at org.hibernate.boot.internal.SessionFactoryObserverForSchemaExport.sessionFactoryCreated(SessionFactoryObserverForSchemaExport.java:37) ~[hibernate-core-6.6.4.Final.jar:6.6.4.Final]
	at org.hibernate.internal.SessionFactoryObserverChain.sessionFactoryCreated(SessionFactoryObserverChain.java:35) ~[hibernate-core-6.6.4.Final.jar:6.6.4.Final]
	at org.hibernate.internal.SessionFactoryImpl.<init>(SessionFactoryImpl.java:324) ~[hibernate-core-6.6.4.Final.jar:6.6.4.Final]
	at org.hibernate.boot.internal.SessionFactoryBuilderImpl.build(SessionFactoryBuilderImpl.java:463) ~[hibernate-core-6.6.4.Final.jar:6.6.4.Final]
	at org.hibernate.jpa.boot.internal.EntityManagerFactoryBuilderImpl.build(EntityManagerFactoryBuilderImpl.java:1506) ~[hibernate-core-6.6.4.Final.jar:6.6.4.Final]
	at org.springframework.orm.jpa.vendor.SpringHibernateJpaPersistenceProvider.createContainerEntityManagerFactory(SpringHibernateJpaPersistenceProvider.java:66) ~[spring-orm-6.2.1.jar:6.2.1]
	at org.springframework.orm.jpa.LocalContainerEntityManagerFactoryBean.createNativeEntityManagerFactory(LocalContainerEntityManagerFactoryBean.java:390) ~[spring-orm-6.2.1.jar:6.2.1]
	at org.springframework.orm.jpa.AbstractEntityManagerFactoryBean.buildNativeEntityManagerFactory(AbstractEntityManagerFactoryBean.java:419) ~[spring-orm-6.2.1.jar:6.2.1]
	at org.springframework.orm.jpa.AbstractEntityManagerFactoryBean.afterPropertiesSet(AbstractEntityManagerFactoryBean.java:400) ~[spring-orm-6.2.1.jar:6.2.1]
	at org.springframework.orm.jpa.LocalContainerEntityManagerFactoryBean.afterPropertiesSet(LocalContainerEntityManagerFactoryBean.java:366) ~[spring-orm-6.2.1.jar:6.2.1]
	at org.springframework.beans.factory.support.AbstractAutowireCapableBeanFactory.invokeInitMethods(AbstractAutowireCapableBeanFactory.java:1855) ~[spring-beans-6.2.1.jar:6.2.1]
	at org.springframework.beans.factory.support.AbstractAutowireCapableBeanFactory.initializeBean(AbstractAutowireCapableBeanFactory.java:1804) ~[spring-beans-6.2.1.jar:6.2.1]
	at org.springframework.beans.factory.support.AbstractAutowireCapableBeanFactory.doCreateBean(AbstractAutowireCapableBeanFactory.java:601) ~[spring-beans-6.2.1.jar:6.2.1]
	at org.springframework.beans.factory.support.AbstractAutowireCapableBeanFactory.createBean(AbstractAutowireCapableBeanFactory.java:523) ~[spring-beans-6.2.1.jar:6.2.1]
	at org.springframework.beans.factory.support.AbstractBeanFactory.lambda$doGetBean$0(AbstractBeanFactory.java:336) ~[spring-beans-6.2.1.jar:6.2.1]
	at org.springframework.beans.factory.support.DefaultSingletonBeanRegistry.getSingleton(DefaultSingletonBeanRegistry.java:289) ~[spring-beans-6.2.1.jar:6.2.1]
	at org.springframework.beans.factory.support.AbstractBeanFactory.doGetBean(AbstractBeanFactory.java:334) ~[spring-beans-6.2.1.jar:6.2.1]
	at org.springframework.beans.factory.support.AbstractBeanFactory.getBean(AbstractBeanFactory.java:204) ~[spring-beans-6.2.1.jar:6.2.1]
	at org.springframework.context.support.AbstractApplicationContext.finishBeanFactoryInitialization(AbstractApplicationContext.java:970) ~[spring-context-6.2.1.jar:6.2.1]
	at org.springframework.context.support.AbstractApplicationContext.refresh(AbstractApplicationContext.java:627) ~[spring-context-6.2.1.jar:6.2.1]
	at org.springframework.boot.SpringApplication.refresh(SpringApplication.java:752) ~[spring-boot-3.4.1.jar:3.4.1]
	at org.springframework.boot.SpringApplication.refreshContext(SpringApplication.java:439) ~[spring-boot-3.4.1.jar:3.4.1]
	at org.springframework.boot.SpringApplication.run(SpringApplication.java:318) ~[spring-boot-3.4.1.jar:3.4.1]
	at org.springframework.boot.test.context.SpringBootContextLoader.lambda$loadContext$3(SpringBootContextLoader.java:137) ~[spring-boot-test-3.4.1.jar:3.4.1]
	at org.springframework.util.function.ThrowingSupplier.get(ThrowingSupplier.java:58) ~[spring-core-6.2.1.jar:6.2.1]
	at org.springframework.util.function.ThrowingSupplier.get(ThrowingSupplier.java:46) ~[spring-core-6.2.1.jar:6.2.1]
	at org.springframework.boot.SpringApplication.withHook(SpringApplication.java:1461) ~[spring-boot-3.4.1.jar:3.4.1]
	at org.springframework.boot.test.context.SpringBootContextLoader$ContextLoaderHook.run(SpringBootContextLoader.java:553) ~[spring-boot-test-3.4.1.jar:3.4.1]
	at org.springframework.boot.test.context.SpringBootContextLoader.loadContext(SpringBootContextLoader.java:137) ~[spring-boot-test-3.4.1.jar:3.4.1]
	at org.springframework.boot.test.context.SpringBootContextLoader.loadContext(SpringBootContextLoader.java:108) ~[spring-boot-test-3.4.1.jar:3.4.1]
	at org.springframework.test.context.cache.DefaultCacheAwareContextLoaderDelegate.loadContextInternal(DefaultCacheAwareContextLoaderDelegate.java:225) ~[spring-test-6.2.1.jar:6.2.1]
	at org.springframework.test.context.cache.DefaultCacheAwareContextLoaderDelegate.loadContext(DefaultCacheAwareContextLoaderDelegate.java:152) ~[spring-test-6.2.1.jar:6.2.1]
	at org.springframework.test.context.support.DefaultTestContext.getApplicationContext(DefaultTestContext.java:130) ~[spring-test-6.2.1.jar:6.2.1]
	at org.springframework.test.context.web.ServletTestExecutionListener.setUpRequestContextIfNecessary(ServletTestExecutionListener.java:191) ~[spring-test-6.2.1.jar:6.2.1]
	at org.springframework.test.context.web.ServletTestExecutionListener.prepareTestInstance(ServletTestExecutionListener.java:130) ~[spring-test-6.2.1.jar:6.2.1]
	at org.springframework.test.context.TestContextManager.prepareTestInstance(TestContextManager.java:260) ~[spring-test-6.2.1.jar:6.2.1]
	at org.springframework.test.context.junit.jupiter.SpringExtension.postProcessTestInstance(SpringExtension.java:160) ~[spring-test-6.2.1.jar:6.2.1]
	at org.junit.jupiter.engine.descriptor.ClassBasedTestDescriptor.lambda$invokeTestInstancePostProcessors$11(ClassBasedTestDescriptor.java:378) ~[junit-jupiter-engine-5.11.4.jar:5.11.4]
	at org.junit.jupiter.engine.descriptor.ClassBasedTestDescriptor.executeAndMaskThrowable(ClassBasedTestDescriptor.java:383) ~[junit-jupiter-engine-5.11.4.jar:5.11.4]
	at org.junit.jupiter.engine.descriptor.ClassBasedTestDescriptor.lambda$invokeTestInstancePostProcessors$12(ClassBasedTestDescriptor.java:378) ~[junit-jupiter-engine-5.11.4.jar:5.11.4]
	at java.base/java.util.stream.ForEachOps$ForEachOp$OfRef.accept(ForEachOps.java:183) ~[na:na]
	at java.base/java.util.stream.ReferencePipeline$3$1.accept(ReferencePipeline.java:197) ~[na:na]
	at java.base/java.util.stream.ReferencePipeline$2$1.accept(ReferencePipeline.java:179) ~[na:na]
	at java.base/java.util.stream.ReferencePipeline$3$1.accept(ReferencePipeline.java:197) ~[na:na]
	at java.base/java.util.ArrayList$ArrayListSpliterator.forEachRemaining(ArrayList.java:1625) ~[na:na]
	at java.base/java.util.stream.AbstractPipeline.copyInto(AbstractPipeline.java:509) ~[na:na]
	at java.base/java.util.stream.AbstractPipeline.wrapAndCopyInto(AbstractPipeline.java:499) ~[na:na]
	at java.base/java.util.stream.ForEachOps$ForEachOp.evaluateSequential(ForEachOps.java:150) ~[na:na]
	at java.base/java.util.stream.ForEachOps$ForEachOp$OfRef.evaluateSequential(ForEachOps.java:173) ~[na:na]
	at java.base/java.util.stream.AbstractPipeline.evaluate(AbstractPipeline.java:234) ~[na:na]
	at java.base/java.util.stream.ReferencePipeline.forEach(ReferencePipeline.java:596) ~[na:na]
	at org.junit.jupiter.engine.descriptor.ClassBasedTestDescriptor.invokeTestInstancePostProcessors(ClassBasedTestDescriptor.java:377) ~[junit-jupiter-engine-5.11.4.jar:5.11.4]
	at org.junit.jupiter.engine.descriptor.ClassBasedTestDescriptor.lambda$instantiateAndPostProcessTestInstance$7(ClassBasedTestDescriptor.java:290) ~[junit-jupiter-engine-5.11.4.jar:5.11.4]
	at org.junit.platform.engine.support.hierarchical.ThrowableCollector.execute(ThrowableCollector.java:73) ~[junit-platform-engine-1.11.4.jar:1.11.4]
	at org.junit.jupiter.engine.descriptor.ClassBasedTestDescriptor.instantiateAndPostProcessTestInstance(ClassBasedTestDescriptor.java:289) ~[junit-jupiter-engine-5.11.4.jar:5.11.4]
	at org.junit.jupiter.engine.descriptor.ClassBasedTestDescriptor.lambda$testInstancesProvider$5(ClassBasedTestDescriptor.java:279) ~[junit-jupiter-engine-5.11.4.jar:5.11.4]
	at java.base/java.util.Optional.orElseGet(Optional.java:364) ~[na:na]
	at org.junit.jupiter.engine.descriptor.ClassBasedTestDescriptor.lambda$testInstancesProvider$6(ClassBasedTestDescriptor.java:278) ~[junit-jupiter-engine-5.11.4.jar:5.11.4]
	at org.junit.jupiter.engine.execution.TestInstancesProvider.getTestInstances(TestInstancesProvider.java:31) ~[junit-jupiter-engine-5.11.4.jar:5.11.4]
	at org.junit.jupiter.engine.descriptor.TestMethodTestDescriptor.lambda$prepare$1(TestMethodTestDescriptor.java:105) ~[junit-jupiter-engine-5.11.4.jar:5.11.4]
	at org.junit.platform.engine.support.hierarchical.ThrowableCollector.execute(ThrowableCollector.java:73) ~[junit-platform-engine-1.11.4.jar:1.11.4]
	at org.junit.jupiter.engine.descriptor.TestMethodTestDescriptor.prepare(TestMethodTestDescriptor.java:104) ~[junit-jupiter-engine-5.11.4.jar:5.11.4]
	at org.junit.jupiter.engine.descriptor.TestMethodTestDescriptor.prepare(TestMethodTestDescriptor.java:68) ~[junit-jupiter-engine-5.11.4.jar:5.11.4]
	at org.junit.platform.engine.support.hierarchical.NodeTestTask.lambda$prepare$2(NodeTestTask.java:128) ~[junit-platform-engine-1.11.4.jar:1.11.4]
	at org.junit.platform.engine.support.hierarchical.ThrowableCollector.execute(ThrowableCollector.java:73) ~[junit-platform-engine-1.11.4.jar:1.11.4]
	at org.junit.platform.engine.support.hierarchical.NodeTestTask.prepare(NodeTestTask.java:128) ~[junit-platform-engine-1.11.4.jar:1.11.4]
	at org.junit.platform.engine.support.hierarchical.NodeTestTask.execute(NodeTestTask.java:95) ~[junit-platform-engine-1.11.4.jar:1.11.4]
	at java.base/java.util.ArrayList.forEach(ArrayList.java:1511) ~[na:na]
	at org.junit.platform.engine.support.hierarchical.SameThreadHierarchicalTestExecutorService.invokeAll(SameThreadHierarchicalTestExecutorService.java:41) ~[junit-platform-engine-1.11.4.jar:1.11.4]
	at org.junit.platform.engine.support.hierarchical.NodeTestTask.lambda$executeRecursively$6(NodeTestTask.java:160) ~[junit-platform-engine-1.11.4.jar:1.11.4]
	at org.junit.platform.engine.support.hierarchical.ThrowableCollector.execute(ThrowableCollector.java:73) ~[junit-platform-engine-1.11.4.jar:1.11.4]
	at org.junit.platform.engine.support.hierarchical.NodeTestTask.lambda$executeRecursively$8(NodeTestTask.java:146) ~[junit-platform-engine-1.11.4.jar:1.11.4]
	at org.junit.platform.engine.support.hierarchical.Node.around(Node.java:137) ~[junit-platform-engine-1.11.4.jar:1.11.4]
	at org.junit.platform.engine.support.hierarchical.NodeTestTask.lambda$executeRecursively$9(NodeTestTask.java:144) ~[junit-platform-engine-1.11.4.jar:1.11.4]
	at org.junit.platform.engine.support.hierarchical.ThrowableCollector.execute(ThrowableCollector.java:73) ~[junit-platform-engine-1.11.4.jar:1.11.4]
	at org.junit.platform.engine.support.hierarchical.NodeTestTask.executeRecursively(NodeTestTask.java:143) ~[junit-platform-engine-1.11.4.jar:1.11.4]
	at org.junit.platform.engine.support.hierarchical.NodeTestTask.execute(NodeTestTask.java:100) ~[junit-platform-engine-1.11.4.jar:1.11.4]
	at java.base/java.util.ArrayList.forEach(ArrayList.java:1511) ~[na:na]
	at org.junit.platform.engine.support.hierarchical.SameThreadHierarchicalTestExecutorService.invokeAll(SameThreadHierarchicalTestExecutorService.java:41) ~[junit-platform-engine-1.11.4.jar:1.11.4]
	at org.junit.platform.engine.support.hierarchical.NodeTestTask.lambda$executeRecursively$6(NodeTestTask.java:160) ~[junit-platform-engine-1.11.4.jar:1.11.4]
	at org.junit.platform.engine.support.hierarchical.ThrowableCollector.execute(ThrowableCollector.java:73) ~[junit-platform-engine-1.11.4.jar:1.11.4]
	at org.junit.platform.engine.support.hierarchical.NodeTestTask.lambda$executeRecursively$8(NodeTestTask.java:146) ~[junit-platform-engine-1.11.4.jar:1.11.4]
	at org.junit.platform.engine.support.hierarchical.Node.around(Node.java:137) ~[junit-platform-engine-1.11.4.jar:1.11.4]
	at org.junit.platform.engine.support.hierarchical.NodeTestTask.lambda$executeRecursively$9(NodeTestTask.java:144) ~[junit-platform-engine-1.11.4.jar:1.11.4]
	at org.junit.platform.engine.support.hierarchical.ThrowableCollector.execute(ThrowableCollector.java:73) ~[junit-platform-engine-1.11.4.jar:1.11.4]
	at org.junit.platform.engine.support.hierarchical.NodeTestTask.executeRecursively(NodeTestTask.java:143) ~[junit-platform-engine-1.11.4.jar:1.11.4]
	at org.junit.platform.engine.support.hierarchical.NodeTestTask.execute(NodeTestTask.java:100) ~[junit-platform-engine-1.11.4.jar:1.11.4]
	at org.junit.platform.engine.support.hierarchical.SameThreadHierarchicalTestExecutorService.submit(SameThreadHierarchicalTestExecutorService.java:35) ~[junit-platform-engine-1.11.4.jar:1.11.4]
	at org.junit.platform.engine.support.hierarchical.HierarchicalTestExecutor.execute(HierarchicalTestExecutor.java:57) ~[junit-platform-engine-1.11.4.jar:1.11.4]
	at org.junit.platform.engine.support.hierarchical.HierarchicalTestEngine.execute(HierarchicalTestEngine.java:54) ~[junit-platform-engine-1.11.4.jar:1.11.4]
	at org.junit.platform.launcher.core.EngineExecutionOrchestrator.execute(EngineExecutionOrchestrator.java:198) ~[junit-platform-launcher-1.11.4.jar:1.11.4]
	at org.junit.platform.launcher.core.EngineExecutionOrchestrator.execute(EngineExecutionOrchestrator.java:169) ~[junit-platform-launcher-1.11.4.jar:1.11.4]
	at org.junit.platform.launcher.core.EngineExecutionOrchestrator.execute(EngineExecutionOrchestrator.java:93) ~[junit-platform-launcher-1.11.4.jar:1.11.4]
	at org.junit.platform.launcher.core.EngineExecutionOrchestrator.lambda$execute$0(EngineExecutionOrchestrator.java:58) ~[junit-platform-launcher-1.11.4.jar:1.11.4]
	at org.junit.platform.launcher.core.EngineExecutionOrchestrator.withInterceptedStreams(EngineExecutionOrchestrator.java:141) ~[junit-platform-launcher-1.11.4.jar:1.11.4]
	at org.junit.platform.launcher.core.EngineExecutionOrchestrator.execute(EngineExecutionOrchestrator.java:57) ~[junit-platform-launcher-1.11.4.jar:1.11.4]
	at org.junit.platform.launcher.core.DefaultLauncher.execute(DefaultLauncher.java:103) ~[junit-platform-launcher-1.11.4.jar:1.11.4]
	at org.junit.platform.launcher.core.DefaultLauncher.execute(DefaultLauncher.java:85) ~[junit-platform-launcher-1.11.4.jar:1.11.4]
	at org.junit.platform.launcher.core.DelegatingLauncher.execute(DelegatingLauncher.java:47) ~[junit-platform-launcher-1.11.4.jar:1.11.4]
	at org.gradle.api.internal.tasks.testing.junitplatform.JUnitPlatformTestClassProcessor$CollectAllTestClassesExecutor.processAllTestClasses(JUnitPlatformTestClassProcessor.java:124) ~[na:na]
	at org.gradle.api.internal.tasks.testing.junitplatform.JUnitPlatformTestClassProcessor$CollectAllTestClassesExecutor.access$000(JUnitPlatformTestClassProcessor.java:99) ~[na:na]
	at org.gradle.api.internal.tasks.testing.junitplatform.JUnitPlatformTestClassProcessor.stop(JUnitPlatformTestClassProcessor.java:94) ~[na:na]
	at org.gradle.api.internal.tasks.testing.SuiteTestClassProcessor.stop(SuiteTestClassProcessor.java:63) ~[na:na]
	at java.base/jdk.internal.reflect.NativeMethodAccessorImpl.invoke0(Native Method) ~[na:na]
	at java.base/jdk.internal.reflect.NativeMethodAccessorImpl.invoke(NativeMethodAccessorImpl.java:77) ~[na:na]
	at java.base/jdk.internal.reflect.DelegatingMethodAccessorImpl.invoke(DelegatingMethodAccessorImpl.java:43) ~[na:na]
	at java.base/java.lang.reflect.Method.invoke(Method.java:569) ~[na:na]
	at org.gradle.internal.dispatch.ReflectionDispatch.dispatch(ReflectionDispatch.java:36) ~[na:na]
	at org.gradle.internal.dispatch.ReflectionDispatch.dispatch(ReflectionDispatch.java:24) ~[na:na]
	at org.gradle.internal.dispatch.ContextClassLoaderDispatch.dispatch(ContextClassLoaderDispatch.java:33) ~[na:na]
	at org.gradle.internal.dispatch.ProxyDispatchAdapter$DispatchingInvocationHandler.invoke(ProxyDispatchAdapter.java:92) ~[na:na]
	at jdk.proxy1/jdk.proxy1.$Proxy4.stop(Unknown Source) ~[na:na]
	at org.gradle.api.internal.tasks.testing.worker.TestWorker$3.run(TestWorker.java:200) ~[na:na]
	at org.gradle.api.internal.tasks.testing.worker.TestWorker.executeAndMaintainThreadName(TestWorker.java:132) ~[na:na]
	at org.gradle.api.internal.tasks.testing.worker.TestWorker.execute(TestWorker.java:103) ~[na:na]
	at org.gradle.api.internal.tasks.testing.worker.TestWorker.execute(TestWorker.java:63) ~[na:na]
	at org.gradle.process.internal.worker.child.ActionExecutionWorker.execute(ActionExecutionWorker.java:56) ~[na:na]
	at org.gradle.process.internal.worker.child.SystemApplicationClassLoaderWorker.call(SystemApplicationClassLoaderWorker.java:121) ~[na:na]
	at org.gradle.process.internal.worker.child.SystemApplicationClassLoaderWorker.call(SystemApplicationClassLoaderWorker.java:71) ~[na:na]
	at worker.org.gradle.process.internal.worker.GradleWorkerMain.run(GradleWorkerMain.java:69) ~[gradle-worker.jar:na]
	at worker.org.gradle.process.internal.worker.GradleWorkerMain.main(GradleWorkerMain.java:74) ~[gradle-worker.jar:na]
Caused by: java.sql.SQLSyntaxErrorException: Table 'hhplus.order_item' doesn't exist
	at com.mysql.cj.jdbc.exceptions.SQLError.createSQLException(SQLError.java:112) ~[mysql-connector-j-9.1.0.jar:9.1.0]
	at com.mysql.cj.jdbc.exceptions.SQLExceptionsMapping.translateException(SQLExceptionsMapping.java:114) ~[mysql-connector-j-9.1.0.jar:9.1.0]
	at com.mysql.cj.jdbc.StatementImpl.executeInternal(StatementImpl.java:837) ~[mysql-connector-j-9.1.0.jar:9.1.0]
	at com.mysql.cj.jdbc.StatementImpl.execute(StatementImpl.java:685) ~[mysql-connector-j-9.1.0.jar:9.1.0]
	at com.zaxxer.hikari.pool.ProxyStatement.execute(ProxyStatement.java:94) ~[HikariCP-5.1.0.jar:na]
	at com.zaxxer.hikari.pool.HikariProxyStatement.execute(HikariProxyStatement.java) ~[HikariCP-5.1.0.jar:na]
	at org.hibernate.tool.schema.internal.exec.GenerationTargetToDatabase.accept(GenerationTargetToDatabase.java:80) ~[hibernate-core-6.6.4.Final.jar:6.6.4.Final]
	... 133 common frames omitted

Hibernate: drop table if exists order_item
Hibernate: drop table if exists orders
Hibernate: drop table if exists products
Hibernate: drop table if exists wallets
Hibernate: create table order_item (quantity integer not null, subtotal decimal(38,2) not null, unit_price decimal(38,2) not null, order_id bigint not null, order_item_id bigint not null auto_increment, product_id bigint not null, primary key (order_item_id)) engine=InnoDB
Hibernate: create table orders (discount_amount decimal(38,2), paid_amount decimal(38,2), total_amount decimal(38,2), user_coupon_id decimal(38,0), created_at datetime(6), order_id bigint not null auto_increment, user_id bigint not null, idempotency_key varchar(255), status varchar(255) not null, primary key (order_id)) engine=InnoDB
Hibernate: create table products (price decimal(38,2) not null, stock integer not null, created_at datetime(6) not null, product_id bigint not null, name varchar(255) not null, primary key (product_id)) engine=InnoDB
Hibernate: create table wallets (balance decimal(12,2) not null, created_at datetime(6) not null, user_id bigint not null, primary key (user_id)) engine=InnoDB
Hibernate: alter table order_item add constraint FKt4dc2r9nbvbujrljv3e23iibt foreign key (order_id) references orders (order_id)
2025-11-23T16:12:39.710Z  INFO 14732 --- [hhplus] [    Test worker] j.LocalContainerEntityManagerFactoryBean : Initialized JPA EntityManagerFactory for persistence unit 'default'
2025-11-23T16:12:40.273Z  INFO 14732 --- [hhplus] [    Test worker] o.s.d.j.r.query.QueryEnhancerFactory     : Hibernate is in classpath; If applicable, HQL parser will be used.
2025-11-23T16:12:42.301Z  INFO 14732 --- [hhplus] [    Test worker] o.s.b.a.e.web.EndpointLinksResolver      : Exposing 1 endpoint beneath base path '/actuator'
2025-11-23T16:12:42.426Z  INFO 14732 --- [hhplus] [    Test worker] k.h.be.server.order.OrderServiceTest     : Started OrderServiceTest in 15.694 seconds (process running for 16.618)
Hibernate: select p1_0.product_id,p1_0.created_at,p1_0.name,p1_0.price,p1_0.stock from products p1_0
Hibernate: select w1_0.user_id,w1_0.balance,w1_0.created_at from wallets w1_0
Hibernate: select o1_0.order_id,o1_0.created_at,o1_0.discount_amount,o1_0.idempotency_key,o1_0.paid_amount,o1_0.status,o1_0.total_amount,o1_0.user_coupon_id,o1_0.user_id from orders o1_0
Hibernate: insert into orders (created_at,discount_amount,idempotency_key,paid_amount,status,total_amount,user_coupon_id,user_id) values (?,?,?,?,?,?,?,?)
Hibernate: insert into orders (created_at,discount_amount,idempotency_key,paid_amount,status,total_amount,user_coupon_id,user_id) values (?,?,?,?,?,?,?,?)
Hibernate: insert into orders (created_at,discount_amount,idempotency_key,paid_amount,status,total_amount,user_coupon_id,user_id) values (?,?,?,?,?,?,?,?)
Hibernate: select o1_0.order_id,o1_0.created_at,o1_0.discount_amount,o1_0.idempotency_key,o1_0.paid_amount,o1_0.status,o1_0.total_amount,o1_0.user_coupon_id,o1_0.user_id from orders o1_0
Hibernate: select p1_0.product_id,p1_0.created_at,p1_0.name,p1_0.price,p1_0.stock from products p1_0
Hibernate: select w1_0.user_id,w1_0.balance,w1_0.created_at from wallets w1_0
Hibernate: select o1_0.order_id,o1_0.created_at,o1_0.discount_amount,o1_0.idempotency_key,o1_0.paid_amount,o1_0.status,o1_0.total_amount,o1_0.user_coupon_id,o1_0.user_id from orders o1_0
Hibernate: select oi1_0.order_id,oi1_0.order_item_id,oi1_0.product_id,oi1_0.quantity,oi1_0.subtotal,oi1_0.unit_price from order_item oi1_0 where oi1_0.order_id=?
Hibernate: select oi1_0.order_id,oi1_0.order_item_id,oi1_0.product_id,oi1_0.quantity,oi1_0.subtotal,oi1_0.unit_price from order_item oi1_0 where oi1_0.order_id=?
Hibernate: select oi1_0.order_id,oi1_0.order_item_id,oi1_0.product_id,oi1_0.quantity,oi1_0.subtotal,oi1_0.unit_price from order_item oi1_0 where oi1_0.order_id=?
Hibernate: delete from orders where order_id=?
Hibernate: delete from orders where order_id=?
Hibernate: delete from orders where order_id=?
Hibernate: select p1_0.product_id,p1_0.created_at,p1_0.name,p1_0.price,p1_0.stock from products p1_0 where p1_0.product_id=?
Hibernate: select p1_0.product_id,p1_0.created_at,p1_0.name,p1_0.price,p1_0.stock from products p1_0 where p1_0.product_id=?
Hibernate: insert into products (created_at,name,price,stock,product_id) values (?,?,?,?,?)
Hibernate: insert into products (created_at,name,price,stock,product_id) values (?,?,?,?,?)
Hibernate: select w1_0.user_id,w1_0.balance,w1_0.created_at from wallets w1_0 where w1_0.user_id=?
Hibernate: insert into wallets (balance,created_at,user_id) values (?,?,?)
Hibernate: select p1_0.product_id,p1_0.created_at,p1_0.name,p1_0.price,p1_0.stock from products p1_0 where p1_0.product_id=? for update
Hibernate: update products set created_at=?,name=?,price=?,stock=? where product_id=?
Hibernate: select p1_0.product_id,p1_0.created_at,p1_0.name,p1_0.price,p1_0.stock from products p1_0 where p1_0.product_id=? for update
Hibernate: select w1_0.user_id,w1_0.balance,w1_0.created_at from wallets w1_0 where w1_0.user_id=? for update
Hibernate: select o1_0.order_id,o1_0.created_at,o1_0.discount_amount,o1_0.idempotency_key,o1_0.paid_amount,o1_0.status,o1_0.total_amount,o1_0.user_coupon_id,o1_0.user_id from orders o1_0 where o1_0.order_id=?
Hibernate: select p1_0.product_id,p1_0.created_at,p1_0.name,p1_0.price,p1_0.stock from products p1_0
Hibernate: delete from products where product_id=?
Hibernate: delete from products where product_id=?
Hibernate: select w1_0.user_id,w1_0.balance,w1_0.created_at from wallets w1_0
Hibernate: delete from wallets where user_id=?
Hibernate: select o1_0.order_id,o1_0.created_at,o1_0.discount_amount,o1_0.idempotency_key,o1_0.paid_amount,o1_0.status,o1_0.total_amount,o1_0.user_coupon_id,o1_0.user_id from orders o1_0
Hibernate: insert into orders (created_at,discount_amount,idempotency_key,paid_amount,status,total_amount,user_coupon_id,user_id) values (?,?,?,?,?,?,?,?)
Hibernate: insert into orders (created_at,discount_amount,idempotency_key,paid_amount,status,total_amount,user_coupon_id,user_id) values (?,?,?,?,?,?,?,?)
Hibernate: select o1_0.order_id,o1_0.created_at,o1_0.discount_amount,o1_0.idempotency_key,o1_0.paid_amount,o1_0.status,o1_0.total_amount,o1_0.user_coupon_id,o1_0.user_id from orders o1_0
Hibernate: select p1_0.product_id,p1_0.created_at,p1_0.name,p1_0.price,p1_0.stock from products p1_0
Hibernate: select w1_0.user_id,w1_0.balance,w1_0.created_at from wallets w1_0
Hibernate: select o1_0.order_id,o1_0.created_at,o1_0.discount_amount,o1_0.idempotency_key,o1_0.paid_amount,o1_0.status,o1_0.total_amount,o1_0.user_coupon_id,o1_0.user_id from orders o1_0
Hibernate: select oi1_0.order_id,oi1_0.order_item_id,oi1_0.product_id,oi1_0.quantity,oi1_0.subtotal,oi1_0.unit_price from order_item oi1_0 where oi1_0.order_id=?
Hibernate: select oi1_0.order_id,oi1_0.order_item_id,oi1_0.product_id,oi1_0.quantity,oi1_0.subtotal,oi1_0.unit_price from order_item oi1_0 where oi1_0.order_id=?
Hibernate: delete from orders where order_id=?
Hibernate: delete from orders where order_id=?
Hibernate: select p1_0.product_id,p1_0.created_at,p1_0.name,p1_0.price,p1_0.stock from products p1_0 where p1_0.product_id=?
Hibernate: insert into products (created_at,name,price,stock,product_id) values (?,?,?,?,?)
Hibernate: select w1_0.user_id,w1_0.balance,w1_0.created_at from wallets w1_0 where w1_0.user_id=?
Hibernate: insert into wallets (balance,created_at,user_id) values (?,?,?)
Hibernate: select p1_0.product_id,p1_0.created_at,p1_0.name,p1_0.price,p1_0.stock from products p1_0 where p1_0.product_id=? for update
Hibernate: update products set created_at=?,name=?,price=?,stock=? where product_id=?
Hibernate: select p1_0.product_id,p1_0.created_at,p1_0.name,p1_0.price,p1_0.stock from products p1_0 where p1_0.product_id=? for update
Hibernate: select w1_0.user_id,w1_0.balance,w1_0.created_at from wallets w1_0 where w1_0.user_id=?
Hibernate: select p1_0.product_id,p1_0.created_at,p1_0.name,p1_0.price,p1_0.stock from products p1_0 where p1_0.product_id=?
Hibernate: select p1_0.product_id,p1_0.created_at,p1_0.name,p1_0.price,p1_0.stock from products p1_0
Hibernate: delete from products where product_id=?
Hibernate: select w1_0.user_id,w1_0.balance,w1_0.created_at from wallets w1_0
Hibernate: delete from wallets where user_id=?
Hibernate: select o1_0.order_id,o1_0.created_at,o1_0.discount_amount,o1_0.idempotency_key,o1_0.paid_amount,o1_0.status,o1_0.total_amount,o1_0.user_coupon_id,o1_0.user_id from orders o1_0
Hibernate: select p1_0.product_id,p1_0.created_at,p1_0.name,p1_0.price,p1_0.stock from products p1_0 where p1_0.product_id=?
Hibernate: select p1_0.product_id,p1_0.created_at,p1_0.name,p1_0.price,p1_0.stock from products p1_0 where p1_0.product_id=?
Hibernate: insert into products (created_at,name,price,stock,product_id) values (?,?,?,?,?)
Hibernate: insert into products (created_at,name,price,stock,product_id) values (?,?,?,?,?)
Hibernate: select w1_0.user_id,w1_0.balance,w1_0.created_at from wallets w1_0 where w1_0.user_id=?
Hibernate: insert into wallets (balance,created_at,user_id) values (?,?,?)
Hibernate: select p1_0.product_id,p1_0.created_at,p1_0.name,p1_0.price,p1_0.stock from products p1_0 where p1_0.product_id=? for update
Hibernate: update products set created_at=?,name=?,price=?,stock=? where product_id=?
Hibernate: select p1_0.product_id,p1_0.created_at,p1_0.name,p1_0.price,p1_0.stock from products p1_0 where p1_0.product_id=? for update
Hibernate: select w1_0.user_id,w1_0.balance,w1_0.created_at from wallets w1_0 where w1_0.user_id=? for update
Hibernate: insert into orders (created_at,discount_amount,idempotency_key,paid_amount,status,total_amount,user_coupon_id,user_id) values (?,?,?,?,?,?,?,?)
Hibernate: insert into order_item (order_id,product_id,quantity,subtotal,unit_price) values (?,?,?,?,?)
Hibernate: insert into order_item (order_id,product_id,quantity,subtotal,unit_price) values (?,?,?,?,?)
Hibernate: update products set created_at=?,name=?,price=?,stock=? where product_id=?
Hibernate: update wallets set balance=?,created_at=? where user_id=?
Hibernate: select o1_0.order_id,o1_0.created_at,o1_0.discount_amount,o1_0.idempotency_key,o1_0.paid_amount,o1_0.status,o1_0.total_amount,o1_0.user_coupon_id,o1_0.user_id from orders o1_0 where o1_0.order_id=?
Hibernate: select p1_0.product_id,p1_0.created_at,p1_0.name,p1_0.price,p1_0.stock from products p1_0
Hibernate: delete from products where product_id=?
Hibernate: delete from products where product_id=?
Hibernate: select w1_0.user_id,w1_0.balance,w1_0.created_at from wallets w1_0
Hibernate: delete from wallets where user_id=?
Hibernate: select o1_0.order_id,o1_0.created_at,o1_0.discount_amount,o1_0.idempotency_key,o1_0.paid_amount,o1_0.status,o1_0.total_amount,o1_0.user_coupon_id,o1_0.user_id from orders o1_0
Hibernate: select oi1_0.order_id,oi1_0.order_item_id,oi1_0.product_id,oi1_0.quantity,oi1_0.subtotal,oi1_0.unit_price from order_item oi1_0 where oi1_0.order_id=?
Hibernate: delete from order_item where order_item_id=?
Hibernate: delete from order_item where order_item_id=?
Hibernate: delete from orders where order_id=?
Hibernate: select p1_0.product_id,p1_0.created_at,p1_0.name,p1_0.price,p1_0.stock from products p1_0 where p1_0.product_id=?
Hibernate: select p1_0.product_id,p1_0.created_at,p1_0.name,p1_0.price,p1_0.stock from products p1_0 where p1_0.product_id=?
Hibernate: insert into products (created_at,name,price,stock,product_id) values (?,?,?,?,?)
Hibernate: insert into products (created_at,name,price,stock,product_id) values (?,?,?,?,?)
Hibernate: select w1_0.user_id,w1_0.balance,w1_0.created_at from wallets w1_0 where w1_0.user_id=?
Hibernate: insert into wallets (balance,created_at,user_id) values (?,?,?)
Hibernate: select p1_0.product_id,p1_0.created_at,p1_0.name,p1_0.price,p1_0.stock from products p1_0 where p1_0.product_id=? for update
Hibernate: update products set created_at=?,name=?,price=?,stock=? where product_id=?
Hibernate: select p1_0.product_id,p1_0.created_at,p1_0.name,p1_0.price,p1_0.stock from products p1_0 where p1_0.product_id=? for update
Hibernate: select w1_0.user_id,w1_0.balance,w1_0.created_at from wallets w1_0 where w1_0.user_id=? for update
Hibernate: insert into orders (created_at,discount_amount,idempotency_key,paid_amount,status,total_amount,user_coupon_id,user_id) values (?,?,?,?,?,?,?,?)
Hibernate: insert into order_item (order_id,product_id,quantity,subtotal,unit_price) values (?,?,?,?,?)
Hibernate: insert into order_item (order_id,product_id,quantity,subtotal,unit_price) values (?,?,?,?,?)
Hibernate: update products set created_at=?,name=?,price=?,stock=? where product_id=?
Hibernate: update wallets set balance=?,created_at=? where user_id=?
Hibernate: select p1_0.product_id,p1_0.created_at,p1_0.name,p1_0.price,p1_0.stock from products p1_0 where p1_0.product_id=?
Hibernate: select p1_0.product_id,p1_0.created_at,p1_0.name,p1_0.price,p1_0.stock from products p1_0 where p1_0.product_id=?
Hibernate: select p1_0.product_id,p1_0.created_at,p1_0.name,p1_0.price,p1_0.stock from products p1_0
Hibernate: delete from products where product_id=?
Hibernate: delete from products where product_id=?
Hibernate: select w1_0.user_id,w1_0.balance,w1_0.created_at from wallets w1_0
Hibernate: delete from wallets where user_id=?
Hibernate: select o1_0.order_id,o1_0.created_at,o1_0.discount_amount,o1_0.idempotency_key,o1_0.paid_amount,o1_0.status,o1_0.total_amount,o1_0.user_coupon_id,o1_0.user_id from orders o1_0
Hibernate: select oi1_0.order_id,oi1_0.order_item_id,oi1_0.product_id,oi1_0.quantity,oi1_0.subtotal,oi1_0.unit_price from order_item oi1_0 where oi1_0.order_id=?
Hibernate: delete from order_item where order_item_id=?
Hibernate: delete from order_item where order_item_id=?
Hibernate: delete from orders where order_id=?
Hibernate: select p1_0.product_id,p1_0.created_at,p1_0.name,p1_0.price,p1_0.stock from products p1_0 where p1_0.product_id=?
Hibernate: select p1_0.product_id,p1_0.created_at,p1_0.name,p1_0.price,p1_0.stock from products p1_0 where p1_0.product_id=?
Hibernate: insert into products (created_at,name,price,stock,product_id) values (?,?,?,?,?)
Hibernate: insert into products (created_at,name,price,stock,product_id) values (?,?,?,?,?)
Hibernate: select w1_0.user_id,w1_0.balance,w1_0.created_at from wallets w1_0 where w1_0.user_id=?
Hibernate: insert into wallets (balance,created_at,user_id) values (?,?,?)
Hibernate: select p1_0.product_id,p1_0.created_at,p1_0.name,p1_0.price,p1_0.stock from products p1_0 where p1_0.product_id=? for update
Hibernate: update products set created_at=?,name=?,price=?,stock=? where product_id=?
Hibernate: select p1_0.product_id,p1_0.created_at,p1_0.name,p1_0.price,p1_0.stock from products p1_0 where p1_0.product_id=? for update
Hibernate: select w1_0.user_id,w1_0.balance,w1_0.created_at from wallets w1_0 where w1_0.user_id=? for update
Hibernate: insert into orders (created_at,discount_amount,idempotency_key,paid_amount,status,total_amount,user_coupon_id,user_id) values (?,?,?,?,?,?,?,?)
Hibernate: insert into order_item (order_id,product_id,quantity,subtotal,unit_price) values (?,?,?,?,?)
Hibernate: insert into order_item (order_id,product_id,quantity,subtotal,unit_price) values (?,?,?,?,?)
Hibernate: update products set created_at=?,name=?,price=?,stock=? where product_id=?
Hibernate: update wallets set balance=?,created_at=? where user_id=?
Hibernate: select w1_0.user_id,w1_0.balance,w1_0.created_at from wallets w1_0 where w1_0.user_id=?
Hibernate: select p1_0.product_id,p1_0.created_at,p1_0.name,p1_0.price,p1_0.stock from products p1_0
Hibernate: delete from products where product_id=?
Hibernate: delete from products where product_id=?
Hibernate: select w1_0.user_id,w1_0.balance,w1_0.created_at from wallets w1_0
Hibernate: delete from wallets where user_id=?
Hibernate: select o1_0.order_id,o1_0.created_at,o1_0.discount_amount,o1_0.idempotency_key,o1_0.paid_amount,o1_0.status,o1_0.total_amount,o1_0.user_coupon_id,o1_0.user_id from orders o1_0
Hibernate: select oi1_0.order_id,oi1_0.order_item_id,oi1_0.product_id,oi1_0.quantity,oi1_0.subtotal,oi1_0.unit_price from order_item oi1_0 where oi1_0.order_id=?
Hibernate: delete from order_item where order_item_id=?
Hibernate: delete from order_item where order_item_id=?
Hibernate: delete from orders where order_id=?
Hibernate: select p1_0.product_id,p1_0.created_at,p1_0.name,p1_0.price,p1_0.stock from products p1_0 where p1_0.product_id=?
Hibernate: select p1_0.product_id,p1_0.created_at,p1_0.name,p1_0.price,p1_0.stock from products p1_0 where p1_0.product_id=?
Hibernate: insert into products (created_at,name,price,stock,product_id) values (?,?,?,?,?)
Hibernate: insert into products (created_at,name,price,stock,product_id) values (?,?,?,?,?)
Hibernate: select w1_0.user_id,w1_0.balance,w1_0.created_at from wallets w1_0 where w1_0.user_id=?
Hibernate: insert into wallets (balance,created_at,user_id) values (?,?,?)
Hibernate: select p1_0.product_id,p1_0.created_at,p1_0.name,p1_0.price,p1_0.stock from products p1_0 where p1_0.product_id=? for update
Hibernate: update products set created_at=?,name=?,price=?,stock=? where product_id=?
Hibernate: select p1_0.product_id,p1_0.created_at,p1_0.name,p1_0.price,p1_0.stock from products p1_0 where p1_0.product_id=? for update
Hibernate: select w1_0.user_id,w1_0.balance,w1_0.created_at from wallets w1_0 where w1_0.user_id=? for update
Hibernate: insert into orders (created_at,discount_amount,idempotency_key,paid_amount,status,total_amount,user_coupon_id,user_id) values (?,?,?,?,?,?,?,?)
Hibernate: insert into order_item (order_id,product_id,quantity,subtotal,unit_price) values (?,?,?,?,?)
Hibernate: insert into order_item (order_id,product_id,quantity,subtotal,unit_price) values (?,?,?,?,?)
Hibernate: update products set created_at=?,name=?,price=?,stock=? where product_id=?
Hibernate: update wallets set balance=?,created_at=? where user_id=?
Hibernate: select p1_0.product_id,p1_0.created_at,p1_0.name,p1_0.price,p1_0.stock from products p1_0
Hibernate: delete from products where product_id=?
Hibernate: delete from products where product_id=?
Hibernate: select w1_0.user_id,w1_0.balance,w1_0.created_at from wallets w1_0
Hibernate: delete from wallets where user_id=?
Hibernate: select o1_0.order_id,o1_0.created_at,o1_0.discount_amount,o1_0.idempotency_key,o1_0.paid_amount,o1_0.status,o1_0.total_amount,o1_0.user_coupon_id,o1_0.user_id from orders o1_0
Hibernate: select oi1_0.order_id,oi1_0.order_item_id,oi1_0.product_id,oi1_0.quantity,oi1_0.subtotal,oi1_0.unit_price from order_item oi1_0 where oi1_0.order_id=?
Hibernate: delete from order_item where order_item_id=?
Hibernate: delete from order_item where order_item_id=?
Hibernate: delete from orders where order_id=?
Hibernate: select p1_0.product_id,p1_0.created_at,p1_0.name,p1_0.price,p1_0.stock from products p1_0 where p1_0.product_id=?
Hibernate: select p1_0.product_id,p1_0.created_at,p1_0.name,p1_0.price,p1_0.stock from products p1_0 where p1_0.product_id=?
Hibernate: insert into products (created_at,name,price,stock,product_id) values (?,?,?,?,?)
Hibernate: insert into products (created_at,name,price,stock,product_id) values (?,?,?,?,?)
Hibernate: select w1_0.user_id,w1_0.balance,w1_0.created_at from wallets w1_0 where w1_0.user_id=?
Hibernate: insert into wallets (balance,created_at,user_id) values (?,?,?)
Hibernate: select p1_0.product_id,p1_0.created_at,p1_0.name,p1_0.price,p1_0.stock from products p1_0 where p1_0.product_id=? for update
Hibernate: update products set created_at=?,name=?,price=?,stock=? where product_id=?
Hibernate: select p1_0.product_id,p1_0.created_at,p1_0.name,p1_0.price,p1_0.stock from products p1_0 where p1_0.product_id=? for update
Hibernate: select w1_0.user_id,w1_0.balance,w1_0.created_at from wallets w1_0 where w1_0.user_id=? for update
Hibernate: select w1_0.user_id,w1_0.balance,w1_0.created_at from wallets w1_0 where w1_0.user_id=?
Hibernate: select p1_0.product_id,p1_0.created_at,p1_0.name,p1_0.price,p1_0.stock from products p1_0 where p1_0.product_id=?
Hibernate: select p1_0.product_id,p1_0.created_at,p1_0.name,p1_0.price,p1_0.stock from products p1_0 where p1_0.product_id=?
Hibernate: select p1_0.product_id,p1_0.created_at,p1_0.name,p1_0.price,p1_0.stock from products p1_0
Hibernate: delete from products where product_id=?
Hibernate: delete from products where product_id=?
Hibernate: select w1_0.user_id,w1_0.balance,w1_0.created_at from wallets w1_0
Hibernate: delete from wallets where user_id=?
Hibernate: select o1_0.order_id,o1_0.created_at,o1_0.discount_amount,o1_0.idempotency_key,o1_0.paid_amount,o1_0.status,o1_0.total_amount,o1_0.user_coupon_id,o1_0.user_id from orders o1_0
Hibernate: select p1_0.product_id,p1_0.created_at,p1_0.name,p1_0.price,p1_0.stock from products p1_0 where p1_0.product_id=?
Hibernate: select p1_0.product_id,p1_0.created_at,p1_0.name,p1_0.price,p1_0.stock from products p1_0 where p1_0.product_id=?
Hibernate: insert into products (created_at,name,price,stock,product_id) values (?,?,?,?,?)
Hibernate: insert into products (created_at,name,price,stock,product_id) values (?,?,?,?,?)
Hibernate: select w1_0.user_id,w1_0.balance,w1_0.created_at from wallets w1_0 where w1_0.user_id=?
Hibernate: insert into wallets (balance,created_at,user_id) values (?,?,?)
Hibernate: select p1_0.product_id,p1_0.created_at,p1_0.name,p1_0.price,p1_0.stock from products p1_0 where p1_0.product_id=? for update
Hibernate: select w1_0.user_id,w1_0.balance,w1_0.created_at from wallets w1_0 where w1_0.user_id=?
Hibernate: select p1_0.product_id,p1_0.created_at,p1_0.name,p1_0.price,p1_0.stock from products p1_0 where p1_0.product_id=?
Hibernate: select p1_0.product_id,p1_0.created_at,p1_0.name,p1_0.price,p1_0.stock from products p1_0 where p1_0.product_id=?
]]></system-out>
  <system-err><![CDATA[]]></system-err>
</testsuite>
