<?xml version="1.0" encoding="UTF-8"?>
<testsuite name="kr.hhplus.be.server.product.ProductServiceTest" tests="17" skipped="0" failures="0" errors="0" timestamp="2025-11-21T16:58:08" hostname="DESKTOP-7P82HOR" time="0.721">
  <properties/>
  <testcase name="상품_재고_음수_차감_방지_성공()" classname="kr.hhplus.be.server.product.ProductServiceTest" time="0.524"/>
  <testcase name="상품_등록_재고_음수_저장_방지()" classname="kr.hhplus.be.server.product.ProductServiceTest" time="0.008"/>
  <testcase name="상품_등록_재고_NULL_저장_방지()" classname="kr.hhplus.be.server.product.ProductServiceTest" time="0.006"/>
  <testcase name="상품_재고_NULL_차감_방지_성공()" classname="kr.hhplus.be.server.product.ProductServiceTest" time="0.011"/>
  <testcase name="상품_등록_성공()" classname="kr.hhplus.be.server.product.ProductServiceTest" time="0.023"/>
  <testcase name="상품_등록_가격_NULL_저장_방지()" classname="kr.hhplus.be.server.product.ProductServiceTest" time="0.006"/>
  <testcase name="상품_재고_음수_증가_방지_성공()" classname="kr.hhplus.be.server.product.ProductServiceTest" time="0.011"/>
  <testcase name="상품_등록_가격_음수_저장_방지()" classname="kr.hhplus.be.server.product.ProductServiceTest" time="0.005"/>
  <testcase name="상품_재고_차감_재고부족_예외발생()" classname="kr.hhplus.be.server.product.ProductServiceTest" time="0.012"/>
  <testcase name="상품_재고_증가_성공()" classname="kr.hhplus.be.server.product.ProductServiceTest" time="0.011"/>
  <testcase name="상품_목록_조회_성공()" classname="kr.hhplus.be.server.product.ProductServiceTest" time="0.038"/>
  <testcase name="상품_재고_NULL_증가_방지_성공()" classname="kr.hhplus.be.server.product.ProductServiceTest" time="0.011"/>
  <testcase name="상품_가격_조회_성공()" classname="kr.hhplus.be.server.product.ProductServiceTest" time="0.013"/>
  <testcase name="상품_재고_차감_성공()" classname="kr.hhplus.be.server.product.ProductServiceTest" time="0.01"/>
  <testcase name="단일_상품_조회_성공()" classname="kr.hhplus.be.server.product.ProductServiceTest" time="0.008"/>
  <testcase name="존재하지_않는_상품_조회_예외발생()" classname="kr.hhplus.be.server.product.ProductServiceTest" time="0.008"/>
  <testcase name="빈_상품_목록_조회()" classname="kr.hhplus.be.server.product.ProductServiceTest" time="0.006"/>
  <system-out><![CDATA[16:57:52.018 [Test worker] INFO org.springframework.test.context.support.AnnotationConfigContextLoaderUtils -- Could not detect default configuration classes for test class [kr.hhplus.be.server.product.ProductServiceTest]: ProductServiceTest does not declare any static, non-private, non-final, nested classes annotated with @Configuration.
16:57:52.142 [Test worker] INFO org.springframework.boot.test.context.SpringBootTestContextBootstrapper -- Found @SpringBootConfiguration kr.hhplus.be.server.ServerApplication for test class kr.hhplus.be.server.product.ProductServiceTest

  .   ____          _            __ _ _
 /\\ / ___'_ __ _ _(_)_ __  __ _ \ \ \ \
( ( )\___ | '_ | '_| | '_ \/ _` | \ \ \ \
 \\/  ___)| |_)| | | | | || (_| |  ) ) ) )
  '  |____| .__|_| |_|_| |_\__, | / / / /
 =========|_|==============|___/=/_/_/_/

 :: Spring Boot ::                (v3.4.1)

2025-11-21T16:57:52.466Z  INFO 35040 --- [hhplus] [    Test worker] k.h.b.server.product.ProductServiceTest  : Starting ProductServiceTest using Java 17.0.14 with PID 35040 (started by user in C:\Users\user\Github\server-setup-java)
2025-11-21T16:57:52.468Z  INFO 35040 --- [hhplus] [    Test worker] k.h.b.server.product.ProductServiceTest  : The following 1 profile is active: "local"
2025-11-21T16:57:52.887Z  INFO 35040 --- [hhplus] [    Test worker] .s.d.r.c.RepositoryConfigurationDelegate : Bootstrapping Spring Data JPA repositories in DEFAULT mode.
2025-11-21T16:57:52.899Z  INFO 35040 --- [hhplus] [    Test worker] .s.d.r.c.RepositoryConfigurationDelegate : Finished Spring Data repository scanning in 3 ms. Found 0 JPA repository interfaces.
2025-11-21T16:57:52.901Z  INFO 35040 --- [hhplus] [    Test worker] .s.d.r.c.RepositoryConfigurationDelegate : Bootstrapping Spring Data JPA repositories in DEFAULT mode.
2025-11-21T16:57:52.923Z  INFO 35040 --- [hhplus] [    Test worker] .s.d.r.c.RepositoryConfigurationDelegate : Finished Spring Data repository scanning in 21 ms. Found 2 JPA repository interfaces.
2025-11-21T16:57:53.299Z  INFO 35040 --- [hhplus] [    Test worker] org.testcontainers.images.PullPolicy     : Image pull policy will be performed by: DefaultPullPolicy()
2025-11-21T16:57:53.301Z  INFO 35040 --- [hhplus] [    Test worker] o.t.utility.ImageNameSubstitutor         : Image name substitution will be performed by: DefaultImageNameSubstitutor (composite of 'ConfigurationFileImageNameSubstitutor' and 'PrefixingImageNameSubstitutor')
2025-11-21T16:57:53.308Z  INFO 35040 --- [hhplus] [    Test worker] org.testcontainers.DockerClientFactory   : Testcontainers version: 1.20.4
2025-11-21T16:57:53.444Z  INFO 35040 --- [hhplus] [    Test worker] o.t.d.DockerClientProviderStrategy       : Loaded org.testcontainers.dockerclient.NpipeSocketClientProviderStrategy from ~/.testcontainers.properties, will try it first
2025-11-21T16:57:53.650Z  INFO 35040 --- [hhplus] [    Test worker] o.t.d.DockerClientProviderStrategy       : Found Docker environment with local Npipe socket (npipe:////./pipe/docker_engine)
2025-11-21T16:57:53.651Z  INFO 35040 --- [hhplus] [    Test worker] org.testcontainers.DockerClientFactory   : Docker host IP address is localhost
2025-11-21T16:57:53.664Z  INFO 35040 --- [hhplus] [    Test worker] org.testcontainers.DockerClientFactory   : Connected to docker: 
  Server Version: 27.4.0
  API Version: 1.47
  Operating System: Docker Desktop
  Total Memory: 15542 MB
  Labels: 
    com.docker.desktop.address=npipe://\\.\pipe\docker_cli
2025-11-21T16:57:53.727Z  INFO 35040 --- [hhplus] [    Test worker] tc.testcontainers/ryuk:0.11.0            : Creating container for image: testcontainers/ryuk:0.11.0
2025-11-21T16:57:53.798Z  INFO 35040 --- [hhplus] [    Test worker] o.t.utility.RegistryAuthLocator          : Credential helper/store (docker-credential-desktop) does not have credentials for https://index.docker.io/v1/
2025-11-21T16:57:53.916Z  INFO 35040 --- [hhplus] [    Test worker] tc.testcontainers/ryuk:0.11.0            : Container testcontainers/ryuk:0.11.0 is starting: 1e7ada5d580f341c3c441e2a062166e3e377ddf2aeb3e4de7c5b579af6bbfbd5
2025-11-21T16:57:54.341Z  INFO 35040 --- [hhplus] [    Test worker] tc.testcontainers/ryuk:0.11.0            : Container testcontainers/ryuk:0.11.0 started in PT0.613743S
2025-11-21T16:57:54.344Z  INFO 35040 --- [hhplus] [    Test worker] o.t.utility.RyukResourceReaper           : Ryuk started - will monitor and terminate Testcontainers containers on JVM exit
2025-11-21T16:57:54.344Z  INFO 35040 --- [hhplus] [    Test worker] org.testcontainers.DockerClientFactory   : Checking the system...
2025-11-21T16:57:54.345Z  INFO 35040 --- [hhplus] [    Test worker] org.testcontainers.DockerClientFactory   : ✔︎ Docker server version should be at least 1.6.0
2025-11-21T16:57:54.347Z  INFO 35040 --- [hhplus] [    Test worker] tc.mysql:8.0                             : Creating container for image: mysql:8.0
2025-11-21T16:57:54.432Z  INFO 35040 --- [hhplus] [    Test worker] tc.mysql:8.0                             : Container mysql:8.0 is starting: d95a9da11d9a5f44ac7212a2aca592daa07bea0d922c10528e7d9dc03d51ef1a
2025-11-21T16:57:54.811Z  INFO 35040 --- [hhplus] [    Test worker] tc.mysql:8.0                             : Waiting for database connection to become available at jdbc:mysql://localhost:59551/hhplus using query 'SELECT 1'
2025-11-21T16:58:04.829Z  INFO 35040 --- [hhplus] [    Test worker] tc.mysql:8.0                             : Container mysql:8.0 started in PT10.4817574S
2025-11-21T16:58:04.829Z  INFO 35040 --- [hhplus] [    Test worker] tc.mysql:8.0                             : Container is started (JDBC URL: jdbc:mysql://localhost:59551/hhplus)
2025-11-21T16:58:05.278Z  INFO 35040 --- [hhplus] [    Test worker] o.hibernate.jpa.internal.util.LogHelper  : HHH000204: Processing PersistenceUnitInfo [name: default]
2025-11-21T16:58:05.340Z  INFO 35040 --- [hhplus] [    Test worker] org.hibernate.Version                    : HHH000412: Hibernate ORM core version 6.6.4.Final
2025-11-21T16:58:05.360Z  INFO 35040 --- [hhplus] [    Test worker] o.h.c.internal.RegionFactoryInitiator    : HHH000026: Second-level cache disabled
2025-11-21T16:58:05.554Z  INFO 35040 --- [hhplus] [    Test worker] o.s.o.j.p.SpringPersistenceUnitInfo      : No LoadTimeWeaver setup: ignoring JPA class transformer
2025-11-21T16:58:05.570Z  INFO 35040 --- [hhplus] [    Test worker] com.zaxxer.hikari.HikariDataSource       : HangHaePlusDataSource - Starting...
2025-11-21T16:58:05.663Z  INFO 35040 --- [hhplus] [    Test worker] com.zaxxer.hikari.pool.HikariPool        : HangHaePlusDataSource - Added connection com.mysql.cj.jdbc.ConnectionImpl@41831611
2025-11-21T16:58:05.665Z  INFO 35040 --- [hhplus] [    Test worker] com.zaxxer.hikari.HikariDataSource       : HangHaePlusDataSource - Start completed.
2025-11-21T16:58:05.713Z  INFO 35040 --- [hhplus] [    Test worker] org.hibernate.orm.connections.pooling    : HHH10001005: Database info:
	Database JDBC URL [Connecting through datasource 'HikariDataSource (HangHaePlusDataSource)']
	Database driver: undefined/unknown
	Database version: 8.0.44
	Autocommit mode: undefined/unknown
	Isolation level: undefined/unknown
	Minimum pool size: undefined/unknown
	Maximum pool size: undefined/unknown
2025-11-21T16:58:06.208Z  INFO 35040 --- [hhplus] [    Test worker] o.h.e.t.j.p.i.JtaPlatformInitiator       : HHH000489: No JTA platform available (set 'hibernate.transaction.jta.platform' to enable JTA platform integration)
Hibernate: drop table if exists products
Hibernate: drop table if exists wallets
Hibernate: create table products (price decimal(38,2) not null, stock integer not null, created_at datetime(6) not null, product_id bigint not null, name varchar(255) not null, primary key (product_id)) engine=InnoDB
Hibernate: create table wallets (balance decimal(12,2) not null, created_at datetime(6) not null, user_id bigint not null, primary key (user_id)) engine=InnoDB
2025-11-21T16:58:06.283Z  INFO 35040 --- [hhplus] [    Test worker] j.LocalContainerEntityManagerFactoryBean : Initialized JPA EntityManagerFactory for persistence unit 'default'
2025-11-21T16:58:06.730Z  INFO 35040 --- [hhplus] [    Test worker] o.s.d.j.r.query.QueryEnhancerFactory     : Hibernate is in classpath; If applicable, HQL parser will be used.
2025-11-21T16:58:08.700Z  INFO 35040 --- [hhplus] [    Test worker] o.s.b.a.e.web.EndpointLinksResolver      : Exposing 1 endpoint beneath base path '/actuator'
2025-11-21T16:58:08.827Z  INFO 35040 --- [hhplus] [    Test worker] k.h.b.server.product.ProductServiceTest  : Started ProductServiceTest in 16.584 seconds (process running for 17.46)
Hibernate: select p1_0.product_id,p1_0.created_at,p1_0.name,p1_0.price,p1_0.stock from products p1_0
Hibernate: select p1_0.product_id,p1_0.created_at,p1_0.name,p1_0.price,p1_0.stock from products p1_0 where p1_0.product_id=?
Hibernate: insert into products (created_at,name,price,stock,product_id) values (?,?,?,?,?)
Hibernate: select p1_0.product_id,p1_0.created_at,p1_0.name,p1_0.price,p1_0.stock from products p1_0 where p1_0.product_id=? for update
Hibernate: select p1_0.product_id,p1_0.created_at,p1_0.name,p1_0.price,p1_0.stock from products p1_0
Hibernate: select p1_0.product_id,p1_0.created_at,p1_0.name,p1_0.price,p1_0.stock from products p1_0
Hibernate: select p1_0.product_id,p1_0.created_at,p1_0.name,p1_0.price,p1_0.stock from products p1_0
Hibernate: select p1_0.product_id,p1_0.created_at,p1_0.name,p1_0.price,p1_0.stock from products p1_0 where p1_0.product_id=?
Hibernate: insert into products (created_at,name,price,stock,product_id) values (?,?,?,?,?)
Hibernate: select p1_0.product_id,p1_0.created_at,p1_0.name,p1_0.price,p1_0.stock from products p1_0 where p1_0.product_id=? for update
Hibernate: select p1_0.product_id,p1_0.created_at,p1_0.name,p1_0.price,p1_0.stock from products p1_0
Hibernate: select p1_0.product_id,p1_0.created_at,p1_0.name,p1_0.price,p1_0.stock from products p1_0 where p1_0.product_id=?
Hibernate: select p1_0.product_id,p1_0.created_at,p1_0.name,p1_0.price,p1_0.stock from products p1_0
Hibernate: select p1_0.product_id,p1_0.created_at,p1_0.name,p1_0.price,p1_0.stock from products p1_0
Hibernate: select p1_0.product_id,p1_0.created_at,p1_0.name,p1_0.price,p1_0.stock from products p1_0 where p1_0.product_id=?
Hibernate: insert into products (created_at,name,price,stock,product_id) values (?,?,?,?,?)
Hibernate: select p1_0.product_id,p1_0.created_at,p1_0.name,p1_0.price,p1_0.stock from products p1_0 where p1_0.product_id=? for update
Hibernate: select p1_0.product_id,p1_0.created_at,p1_0.name,p1_0.price,p1_0.stock from products p1_0
Hibernate: select p1_0.product_id,p1_0.created_at,p1_0.name,p1_0.price,p1_0.stock from products p1_0
Hibernate: select p1_0.product_id,p1_0.created_at,p1_0.name,p1_0.price,p1_0.stock from products p1_0 where p1_0.product_id=?
Hibernate: insert into products (created_at,name,price,stock,product_id) values (?,?,?,?,?)
Hibernate: select p1_0.product_id,p1_0.created_at,p1_0.name,p1_0.price,p1_0.stock from products p1_0 where p1_0.product_id=? for update
Hibernate: select p1_0.product_id,p1_0.created_at,p1_0.name,p1_0.price,p1_0.stock from products p1_0
Hibernate: select p1_0.product_id,p1_0.created_at,p1_0.name,p1_0.price,p1_0.stock from products p1_0 where p1_0.product_id=?
Hibernate: insert into products (created_at,name,price,stock,product_id) values (?,?,?,?,?)
Hibernate: select p1_0.product_id,p1_0.created_at,p1_0.name,p1_0.price,p1_0.stock from products p1_0 where p1_0.product_id=? for update
Hibernate: select p1_0.product_id,p1_0.created_at,p1_0.name,p1_0.price,p1_0.stock from products p1_0
Hibernate: select p1_0.product_id,p1_0.created_at,p1_0.name,p1_0.price,p1_0.stock from products p1_0 where p1_0.product_id=?
Hibernate: select p1_0.product_id,p1_0.created_at,p1_0.name,p1_0.price,p1_0.stock from products p1_0 where p1_0.product_id=?
Hibernate: select p1_0.product_id,p1_0.created_at,p1_0.name,p1_0.price,p1_0.stock from products p1_0 where p1_0.product_id=?
Hibernate: insert into products (created_at,name,price,stock,product_id) values (?,?,?,?,?)
Hibernate: insert into products (created_at,name,price,stock,product_id) values (?,?,?,?,?)
Hibernate: insert into products (created_at,name,price,stock,product_id) values (?,?,?,?,?)
Hibernate: select p1_0.product_id,p1_0.created_at,p1_0.name,p1_0.price,p1_0.stock from products p1_0
Hibernate: select p1_0.product_id,p1_0.created_at,p1_0.name,p1_0.price,p1_0.stock from products p1_0
Hibernate: select p1_0.product_id,p1_0.created_at,p1_0.name,p1_0.price,p1_0.stock from products p1_0 where p1_0.product_id=?
Hibernate: insert into products (created_at,name,price,stock,product_id) values (?,?,?,?,?)
Hibernate: select p1_0.product_id,p1_0.created_at,p1_0.name,p1_0.price,p1_0.stock from products p1_0 where p1_0.product_id=? for update
Hibernate: select p1_0.product_id,p1_0.created_at,p1_0.name,p1_0.price,p1_0.stock from products p1_0
Hibernate: select p1_0.product_id,p1_0.created_at,p1_0.name,p1_0.price,p1_0.stock from products p1_0 where p1_0.product_id=?
Hibernate: select p1_0.product_id,p1_0.created_at,p1_0.name,p1_0.price,p1_0.stock from products p1_0
Hibernate: select p1_0.product_id,p1_0.created_at,p1_0.name,p1_0.price,p1_0.stock from products p1_0 where p1_0.product_id=?
Hibernate: insert into products (created_at,name,price,stock,product_id) values (?,?,?,?,?)
Hibernate: select p1_0.product_id,p1_0.created_at,p1_0.name,p1_0.price,p1_0.stock from products p1_0 where p1_0.product_id=? for update
Hibernate: select p1_0.product_id,p1_0.created_at,p1_0.name,p1_0.price,p1_0.stock from products p1_0
Hibernate: select p1_0.product_id,p1_0.created_at,p1_0.name,p1_0.price,p1_0.stock from products p1_0 where p1_0.product_id=?
Hibernate: select p1_0.product_id,p1_0.created_at,p1_0.name,p1_0.price,p1_0.stock from products p1_0
Hibernate: select p1_0.product_id,p1_0.created_at,p1_0.name,p1_0.price,p1_0.stock from products p1_0 where p1_0.product_id=?
Hibernate: select p1_0.product_id,p1_0.created_at,p1_0.name,p1_0.price,p1_0.stock from products p1_0
Hibernate: select p1_0.product_id,p1_0.created_at,p1_0.name,p1_0.price,p1_0.stock from products p1_0
]]></system-out>
  <system-err><![CDATA[]]></system-err>
</testsuite>
